[0m14:16:14.335449 [debug] [MainThread]: Sending event: {'category': 'dbt', 'action': 'invocation', 'label': 'start', 'context': [<snowplow_tracker.self_describing_json.SelfDescribingJson object at 0x000001D063D47620>, <snowplow_tracker.self_describing_json.SelfDescribingJson object at 0x000001D061898550>, <snowplow_tracker.self_describing_json.SelfDescribingJson object at 0x000001D0663A7D90>]}


============================== 14:16:14.345801 | 5780ecf6-a7a8-42d3-9e98-967f63c13054 ==============================
[0m14:16:14.345801 [info ] [MainThread]: Running with dbt=1.11.11
[0m14:16:14.346365 [debug] [MainThread]: running dbt with arguments {'static_parser': 'True', 'no_print': 'None', 'version_check': 'True', 'target_path': 'None', 'warn_error_options': 'WarnErrorOptionsV2(error=[], warn=[], silence=[])', 'printer_width': '80', 'write_json': 'True', 'empty': 'None', 'log_cache_events': 'False', 'introspect': 'True', 'cache_selected_only': 'False', 'log_format': 'default', 'debug': 'False', 'fail_fast': 'False', 'profiles_dir': 'C:\\Users\\prata\\.dbt', 'send_anonymous_usage_stats': 'True', 'quiet': 'False', 'warn_error': 'None', 'partial_parse': 'True', 'use_colors': 'True', 'invocation_command': 'dbt init uk_market_transform', 'indirect_selection': 'eager', 'use_experimental_parser': 'False', 'log_path': 'logs'}
[0m14:16:14.392150 [info ] [MainThread]: Creating dbt configuration folder at C:\Users\prata\.dbt
[0m14:16:14.398211 [debug] [MainThread]: Starter project path: C:\Users\prata\AppData\Roaming\Python\Python314\site-packages\dbt\include\starter_project
[0m14:16:14.453464 [info ] [MainThread]: 
Your new dbt project "uk_market_transform" was created!

For more information on how to configure the profiles.yml file,
please consult the dbt documentation here:

  https://docs.getdbt.com/docs/configure-your-profile

One more thing:

Need help? Don't hesitate to reach out to us via GitHub issues or on Slack:

  https://community.getdbt.com/

Happy modeling!

[0m14:16:14.454265 [info ] [MainThread]: Setting up your profile.
[0m14:19:31.740932 [info ] [MainThread]: Profile uk_market_transform written to C:\Users\prata\.dbt\profiles.yml using target's profile_template.yml and your supplied values. Run 'dbt debug' to validate the connection.
[0m14:19:31.763937 [debug] [MainThread]: Command `dbt init` succeeded at 14:19:31.762529 after 197.67 seconds
[0m14:19:31.765875 [debug] [MainThread]: Sending event: {'category': 'dbt', 'action': 'invocation', 'label': 'end', 'context': [<snowplow_tracker.self_describing_json.SelfDescribingJson object at 0x000001D0001E1A70>, <snowplow_tracker.self_describing_json.SelfDescribingJson object at 0x000001D0001770B0>, <snowplow_tracker.self_describing_json.SelfDescribingJson object at 0x000001D066361590>]}
[0m14:19:31.767232 [debug] [MainThread]: Flushing usage events
[0m14:19:32.506325 [debug] [MainThread]: An error was encountered while trying to flush usage events
