14:47:24.401 | INFO    | Flow run 'amphibian-raccoon' - Beginning flow run 'amphibian-raccoon' for flow 'UK-Data-Market-Daily-ELT'
14:47:24.435 | INFO    | Flow run 'amphibian-raccoon' - View at https://app.prefect.cloud/account/9b0a4f15-ea53-4474-ac2e-31fb938828bd/workspace/d92423e6-1ed1-4e3e-bf5a-a2cd2eb92b99/runs/flow-run/06a47bd6-b52c-7f87-8000-ce4c0e5ecbc1
14:47:24.905 | ERROR   | Flow run 'amphibian-raccoon' - Encountered exception during execution: UnicodeEncodeError('charmap', '\U0001f3ac [ORCHESTRATOR] Initializing Prefect Cloud flow workflow engine...', 0, 1, 'character maps to <undefined>')
Traceback (most recent call last):
  File "C:\Users\prata\AppData\Roaming\Python\Python314\site-packages\prefect\flow_engine.py", line 1288, in run_context
    yield self
  File "C:\Users\prata\AppData\Roaming\Python\Python314\site-packages\prefect\flow_engine.py", line 2036, in run_flow_sync
    engine.call_flow_fn()
    ~~~~~~~~~~~~~~~~~~~^^
  File "C:\Users\prata\AppData\Roaming\Python\Python314\site-packages\prefect\flow_engine.py", line 1308, in call_flow_fn
    result = call_with_parameters(self.flow.fn, self.parameters)
  File "C:\Users\prata\AppData\Roaming\Python\Python314\site-packages\prefect\utilities\callables\__init__.py", line 348, in call_with_parameters
    return fn(*args, **kwargs)
  File "C:\DE_Portfolio\uk-data-job-market-platform\prefect\daily_flow.py", line 26, in uk_market_pipeline_flow
    print("\U0001f3ac [ORCHESTRATOR] Initializing Prefect Cloud flow workflow engine...")
    ~~~~~^^^^^^^^^^^^^^^^^^^^^^^^^^^^^^^^^^^^^^^^^^^^^^^^^^^^^^^^^^^^^^^^^^^^^^^^
  File "C:\Python314\Lib\encodings\cp1252.py", line 19, in encode
    return codecs.charmap_encode(input,self.errors,encoding_table)[0]
           ~~~~~~~~~~~~~~~~~~~~~^^^^^^^^^^^^^^^^^^^^^^^^^^^^^^^^^^
UnicodeEncodeError: 'charmap' codec can't encode character '\U0001f3ac' in position 0: character maps to <undefined>
14:47:25.424 | INFO    | Flow run 'amphibian-raccoon' - Finished in state Failed("Flow run encountered an exception: UnicodeEncodeError: 'charmap' codec can't encode character '\\U0001f3ac' in position 0: character maps to <undefined>")
Traceback (most recent call last):
  File "C:\DE_Portfolio\uk-data-job-market-platform\prefect\daily_flow.py", line 38, in <module>
    uk_market_pipeline_flow()
    ~~~~~~~~~~~~~~~~~~~~~~~^^
  File "C:\Users\prata\AppData\Roaming\Python\Python314\site-packages\prefect\flows.py", line 1886, in __call__
    return run_flow(
        flow=self,
    ...<2 lines>...
        return_type=return_type,
    )
  File "C:\Users\prata\AppData\Roaming\Python\Python314\site-packages\prefect\flow_engine.py", line 2193, in run_flow
    ret_val = run_flow_sync(**kwargs)
  File "C:\Users\prata\AppData\Roaming\Python\Python314\site-packages\prefect\flow_engine.py", line 2038, in run_flow_sync
    return engine.state if return_type == "state" else engine.result()
                                                       ~~~~~~~~~~~~~^^
  File "C:\Users\prata\AppData\Roaming\Python\Python314\site-packages\prefect\flow_engine.py", line 768, in result
    raise self._raised
  File "C:\Users\prata\AppData\Roaming\Python\Python314\site-packages\prefect\flow_engine.py", line 1288, in run_context
    yield self
  File "C:\Users\prata\AppData\Roaming\Python\Python314\site-packages\prefect\flow_engine.py", line 2036, in run_flow_sync
    engine.call_flow_fn()
    ~~~~~~~~~~~~~~~~~~~^^
  File "C:\Users\prata\AppData\Roaming\Python\Python314\site-packages\prefect\flow_engine.py", line 1308, in call_flow_fn
    result = call_with_parameters(self.flow.fn, self.parameters)
  File "C:\Users\prata\AppData\Roaming\Python\Python314\site-packages\prefect\utilities\callables\__init__.py", line 348, in call_with_parameters
    return fn(*args, **kwargs)
  File "C:\DE_Portfolio\uk-data-job-market-platform\prefect\daily_flow.py", line 26, in uk_market_pipeline_flow
    print("\U0001f3ac [ORCHESTRATOR] Initializing Prefect Cloud flow workflow engine...")
    ~~~~~^^^^^^^^^^^^^^^^^^^^^^^^^^^^^^^^^^^^^^^^^^^^^^^^^^^^^^^^^^^^^^^^^^^^^^^^
  File "C:\Python314\Lib\encodings\cp1252.py", line 19, in encode
    return codecs.charmap_encode(input,self.errors,encoding_table)[0]
           ~~~~~~~~~~~~~~~~~~~~~^^^^^^^^^^^^^^^^^^^^^^^^^^^^^^^^^^
UnicodeEncodeError: 'charmap' codec can't encode character '\U0001f3ac' in position 0: character maps to <undefined>
14:47:26.766 | WARNING | EventsWorker - Still processing items: 1 items remaining...
14:58:06.649 | INFO    | Flow run 'calculating-kangaroo' - Beginning flow run 'calculating-kangaroo' for flow 'UK-Data-Market-Daily-ELT'
14:58:06.885 | INFO    | Flow run 'calculating-kangaroo' - View at https://app.prefect.cloud/account/9b0a4f15-ea53-4474-ac2e-31fb938828bd/workspace/d92423e6-1ed1-4e3e-bf5a-a2cd2eb92b99/runs/flow-run/06a47bfe-dac3-76b4-8000-7a45d448cc82
15:00:08.469 | ERROR   | Task run 'API-Extraction-e2e' - Crash detected! Execution was aborted by an interrupt signal.
15:00:08.705 | ERROR   | Task run 'API-Extraction-e2e' - Finished in state Crashed('Execution was aborted by an interrupt signal.')
15:00:09.416 | ERROR   | Flow run 'calculating-kangaroo' - Crash detected! Execution was aborted by an interrupt signal.
15:00:10.365 | INFO    | Flow run 'calculating-kangaroo' - Finished in state Crashed('Execution was aborted by an interrupt signal.')
🎬 [ORCHESTRATOR] Initializing Prefect Cloud flow workflow engine...
🚀 [INIT] Extracting live postings for keyword segment: 'data analyst'...
🔗 [SCRAPE] Extracting full text body from original source link...
🔗 [SCRAPE] Extracting full text body from original source link...
🔗 [SCRAPE] Extracting full text body from original source link...
🔗 [SCRAPE] Extracting full text body from original source link...
🔗 [SCRAPE] Extracting full text body from original source link...
🔗 [SCRAPE] Extracting full text body from original source link...
🔗 [SCRAPE] Extracting full text body from original source link...
🔗 [SCRAPE] Extracting full text body from original source link...
🔗 [SCRAPE] Extracting full text body from original source link...
🔗 [SCRAPE] Extracting full text body from original source link...
📥 [FETCH] Extracted 10 scraped jobs for 'data analyst' (Page 1).
🔗 [SCRAPE] Extracting full text body from original source link...
🔗 [SCRAPE] Extracting full text body from original source link...
🔗 [SCRAPE] Extracting full text body from original source link...
🔗 [SCRAPE] Extracting full text body from original source link...
🔗 [SCRAPE] Extracting full text body from original source link...
🔗 [SCRAPE] Extracting full text body from original source link...
🔗 [SCRAPE] Extracting full text body from original source link...
🔗 [SCRAPE] Extracting full text body from original source link...
🔗 [SCRAPE] Extracting full text body from original source link...
🔗 [SCRAPE] Extracting full text body from original source link...
📥 [FETCH] Extracted 10 scraped jobs for 'data analyst' (Page 2).
🔗 [SCRAPE] Extracting full text body from original source link...
🔗 [SCRAPE] Extracting full text body from original source link...
🔗 [SCRAPE] Extracting full text body from original source link...
🔗 [SCRAPE] Extracting full text body from original source link...
🔗 [SCRAPE] Extracting full text body from original source link...
🔗 [SCRAPE] Extracting full text body from original source link...
🔗 [SCRAPE] Extracting full text body from original source link...
🔗 [SCRAPE] Extracting full text body from original source link...
🔗 [SCRAPE] Extracting full text body from original source link...
🔗 [SCRAPE] Extracting full text body from original source link...
📥 [FETCH] Extracted 10 scraped jobs for 'data analyst' (Page 3).
🔗 [SCRAPE] Extracting full text body from original source link...
🔗 [SCRAPE] Extracting full text body from original source link...
🔗 [SCRAPE] Extracting full text body from original source link...
🔗 [SCRAPE] Extracting full text body from original source link...
🔗 [SCRAPE] Extracting full text body from original source link...
🔗 [SCRAPE] Extracting full text body from original source link...
🔗 [SCRAPE] Extracting full text body from original source link...
🔗 [SCRAPE] Extracting full text body from original source link...
🔗 [SCRAPE] Extracting full text body from original source link...
🔗 [SCRAPE] Extracting full text body from original source link...
📥 [FETCH] Extracted 10 scraped jobs for 'data analyst' (Page 4).
🔗 [SCRAPE] Extracting full text body from original source link...
🔗 [SCRAPE] Extracting full text body from original source link...
🔗 [SCRAPE] Extracting full text body from original source link...
🔗 [SCRAPE] Extracting full text body from original source link...
🔗 [SCRAPE] Extracting full text body from original source link...
🔗 [SCRAPE] Extracting full text body from original source link...
🔗 [SCRAPE] Extracting full text body from original source link...
🔗 [SCRAPE] Extracting full text body from original source link...
🔗 [SCRAPE] Extracting full text body from original source link...
🔗 [SCRAPE] Extracting full text body from original source link...
📥 [FETCH] Extracted 10 scraped jobs for 'data analyst' (Page 5).
🚀 [INIT] Extracting live postings for keyword segment: 'data engineer'...
🔗 [SCRAPE] Extracting full text body from original source link...
🔗 [SCRAPE] Extracting full text body from original source link...
🔗 [SCRAPE] Extracting full text body from original source link...
🔗 [SCRAPE] Extracting full text body from original source link...
🔗 [SCRAPE] Extracting full text body from original source link...
🔗 [SCRAPE] Extracting full text body from original source link...
🔗 [SCRAPE] Extracting full text body from original source link...
🔗 [SCRAPE] Extracting full text body from original source link...
🔗 [SCRAPE] Extracting full text body from original source link...
🔗 [SCRAPE] Extracting full text body from original source link...
📥 [FETCH] Extracted 10 scraped jobs for 'data engineer' (Page 1).
Traceback (most recent call last):
  File "C:\DE_Portfolio\uk-data-job-market-platform\prefect\daily_flow.py", line 38, in <module>
    uk_market_pipeline_flow()
    ~~~~~~~~~~~~~~~~~~~~~~~^^
  File "C:\Users\prata\AppData\Roaming\Python\Python314\site-packages\prefect\flows.py", line 1886, in __call__
    return run_flow(
        flow=self,
    ...<2 lines>...
        return_type=return_type,
    )
  File "C:\Users\prata\AppData\Roaming\Python\Python314\site-packages\prefect\flow_engine.py", line 2193, in run_flow
    ret_val = run_flow_sync(**kwargs)
  File "C:\Users\prata\AppData\Roaming\Python\Python314\site-packages\prefect\flow_engine.py", line 2036, in run_flow_sync
    engine.call_flow_fn()
    ~~~~~~~~~~~~~~~~~~~^^
  File "C:\Users\prata\AppData\Roaming\Python\Python314\site-packages\prefect\flow_engine.py", line 1308, in call_flow_fn
    result = call_with_parameters(self.flow.fn, self.parameters)
  File "C:\Users\prata\AppData\Roaming\Python\Python314\site-packages\prefect\utilities\callables\__init__.py", line 348, in call_with_parameters
    return fn(*args, **kwargs)
  File "C:\DE_Portfolio\uk-data-job-market-platform\prefect\daily_flow.py", line 29, in uk_market_pipeline_flow
    raw_job_data = run_extraction_task()
  File "C:\Users\prata\AppData\Roaming\Python\Python314\site-packages\prefect\tasks.py", line 1227, in __call__
    return run_task(
        task=self,
    ...<2 lines>...
        return_type=return_type,
    )
  File "C:\Users\prata\AppData\Roaming\Python\Python314\site-packages\prefect\task_engine.py", line 1916, in run_task
    return run_task_sync(**kwargs)
  File "C:\Users\prata\AppData\Roaming\Python\Python314\site-packages\prefect\task_engine.py", line 1683, in run_task_sync
    engine.call_task_fn(txn)
    ~~~~~~~~~~~~~~~~~~~^^^^^
  File "C:\Users\prata\AppData\Roaming\Python\Python314\site-packages\prefect\task_engine.py", line 1038, in call_task_fn
    result = call_with_parameters(self.task.fn, parameters)
  File "C:\Users\prata\AppData\Roaming\Python\Python314\site-packages\prefect\utilities\callables\__init__.py", line 348, in call_with_parameters
    return fn(*args, **kwargs)
  File "C:\DE_Portfolio\uk-data-job-market-platform\prefect\daily_flow.py", line 13, in run_extraction_task
    df = extract_live_uk_jobs(max_pages_per_keyword=5)
  File "C:\DE_Portfolio\uk-data-job-market-platform\ingestion\fetch_jobs.py", line 99, in extract_live_uk_jobs
    time.sleep(1)
    ~~~~~~~~~~^^^
KeyboardInterrupt
^C15:09:52.791 | INFO    | Flow run 'adamant-chicken' - Beginning flow run 'adamant-chicken' for flow 'UK-Data-Market-Daily-ELT'
15:09:52.826 | INFO    | Flow run 'adamant-chicken' - View at https://app.prefect.cloud/account/9b0a4f15-ea53-4474-ac2e-31fb938828bd/workspace/d92423e6-1ed1-4e3e-bf5a-a2cd2eb92b99/runs/flow-run/06a47c2a-f8fc-7543-8000-5de5f7f7b058
15:17:05.533 | INFO    | Task run 'API-Extraction-4a0' - Finished in state Completed()
15:17:12.301 | INFO    | Task run 'Warehouse-Loading-f29' - Finished in state Completed()
15:17:12.976 | INFO    | Flow run 'adamant-chicken' - Finished in state Completed()
🎬 [ORCHESTRATOR] Initializing Prefect Cloud flow workflow engine...
🚀 [INIT] Extracting live postings for keyword segment: 'data analyst'...
🔗 [SCRAPE] Extracting full text body from original source link...
🔗 [SCRAPE] Extracting full text body from original source link...
🔗 [SCRAPE] Extracting full text body from original source link...
🔗 [SCRAPE] Extracting full text body from original source link...
🔗 [SCRAPE] Extracting full text body from original source link...
🔗 [SCRAPE] Extracting full text body from original source link...
🔗 [SCRAPE] Extracting full text body from original source link...
🔗 [SCRAPE] Extracting full text body from original source link...
🔗 [SCRAPE] Extracting full text body from original source link...
🔗 [SCRAPE] Extracting full text body from original source link...
📥 [FETCH] Extracted 10 scraped jobs for 'data analyst' (Page 1).
🔗 [SCRAPE] Extracting full text body from original source link...
🔗 [SCRAPE] Extracting full text body from original source link...
🔗 [SCRAPE] Extracting full text body from original source link...
🔗 [SCRAPE] Extracting full text body from original source link...
🔗 [SCRAPE] Extracting full text body from original source link...
🔗 [SCRAPE] Extracting full text body from original source link...
🔗 [SCRAPE] Extracting full text body from original source link...
🔗 [SCRAPE] Extracting full text body from original source link...
🔗 [SCRAPE] Extracting full text body from original source link...
🔗 [SCRAPE] Extracting full text body from original source link...
📥 [FETCH] Extracted 10 scraped jobs for 'data analyst' (Page 2).
🔗 [SCRAPE] Extracting full text body from original source link...
🔗 [SCRAPE] Extracting full text body from original source link...
🔗 [SCRAPE] Extracting full text body from original source link...
🔗 [SCRAPE] Extracting full text body from original source link...
🔗 [SCRAPE] Extracting full text body from original source link...
🔗 [SCRAPE] Extracting full text body from original source link...
🔗 [SCRAPE] Extracting full text body from original source link...
🔗 [SCRAPE] Extracting full text body from original source link...
🔗 [SCRAPE] Extracting full text body from original source link...
🔗 [SCRAPE] Extracting full text body from original source link...
📥 [FETCH] Extracted 10 scraped jobs for 'data analyst' (Page 3).
🔗 [SCRAPE] Extracting full text body from original source link...
🔗 [SCRAPE] Extracting full text body from original source link...
🔗 [SCRAPE] Extracting full text body from original source link...
🔗 [SCRAPE] Extracting full text body from original source link...
🔗 [SCRAPE] Extracting full text body from original source link...
🔗 [SCRAPE] Extracting full text body from original source link...
🔗 [SCRAPE] Extracting full text body from original source link...
🔗 [SCRAPE] Extracting full text body from original source link...
🔗 [SCRAPE] Extracting full text body from original source link...
🔗 [SCRAPE] Extracting full text body from original source link...
📥 [FETCH] Extracted 10 scraped jobs for 'data analyst' (Page 4).
🔗 [SCRAPE] Extracting full text body from original source link...
🔗 [SCRAPE] Extracting full text body from original source link...
🔗 [SCRAPE] Extracting full text body from original source link...
🔗 [SCRAPE] Extracting full text body from original source link...
🔗 [SCRAPE] Extracting full text body from original source link...
🔗 [SCRAPE] Extracting full text body from original source link...
🔗 [SCRAPE] Extracting full text body from original source link...
🔗 [SCRAPE] Extracting full text body from original source link...
🔗 [SCRAPE] Extracting full text body from original source link...
🔗 [SCRAPE] Extracting full text body from original source link...
📥 [FETCH] Extracted 10 scraped jobs for 'data analyst' (Page 5).
🚀 [INIT] Extracting live postings for keyword segment: 'data engineer'...
🔗 [SCRAPE] Extracting full text body from original source link...
🔗 [SCRAPE] Extracting full text body from original source link...
🔗 [SCRAPE] Extracting full text body from original source link...
🔗 [SCRAPE] Extracting full text body from original source link...
🔗 [SCRAPE] Extracting full text body from original source link...
🔗 [SCRAPE] Extracting full text body from original source link...
🔗 [SCRAPE] Extracting full text body from original source link...
🔗 [SCRAPE] Extracting full text body from original source link...
🔗 [SCRAPE] Extracting full text body from original source link...
🔗 [SCRAPE] Extracting full text body from original source link...
📥 [FETCH] Extracted 10 scraped jobs for 'data engineer' (Page 1).
🔗 [SCRAPE] Extracting full text body from original source link...
🔗 [SCRAPE] Extracting full text body from original source link...
🔗 [SCRAPE] Extracting full text body from original source link...
🔗 [SCRAPE] Extracting full text body from original source link...
🔗 [SCRAPE] Extracting full text body from original source link...
🔗 [SCRAPE] Extracting full text body from original source link...
🔗 [SCRAPE] Extracting full text body from original source link...
🔗 [SCRAPE] Extracting full text body from original source link...
🔗 [SCRAPE] Extracting full text body from original source link...
🔗 [SCRAPE] Extracting full text body from original source link...
📥 [FETCH] Extracted 10 scraped jobs for 'data engineer' (Page 2).
🔗 [SCRAPE] Extracting full text body from original source link...
🔗 [SCRAPE] Extracting full text body from original source link...
🔗 [SCRAPE] Extracting full text body from original source link...
🔗 [SCRAPE] Extracting full text body from original source link...
🔗 [SCRAPE] Extracting full text body from original source link...
🔗 [SCRAPE] Extracting full text body from original source link...
🔗 [SCRAPE] Extracting full text body from original source link...
🔗 [SCRAPE] Extracting full text body from original source link...
🔗 [SCRAPE] Extracting full text body from original source link...
🔗 [SCRAPE] Extracting full text body from original source link...
📥 [FETCH] Extracted 10 scraped jobs for 'data engineer' (Page 3).
🔗 [SCRAPE] Extracting full text body from original source link...
🔗 [SCRAPE] Extracting full text body from original source link...
🔗 [SCRAPE] Extracting full text body from original source link...
🔗 [SCRAPE] Extracting full text body from original source link...
🔗 [SCRAPE] Extracting full text body from original source link...
🔗 [SCRAPE] Extracting full text body from original source link...
🔗 [SCRAPE] Extracting full text body from original source link...
🔗 [SCRAPE] Extracting full text body from original source link...
🔗 [SCRAPE] Extracting full text body from original source link...
🔗 [SCRAPE] Extracting full text body from original source link...
📥 [FETCH] Extracted 10 scraped jobs for 'data engineer' (Page 4).
🔗 [SCRAPE] Extracting full text body from original source link...
🔗 [SCRAPE] Extracting full text body from original source link...
🔗 [SCRAPE] Extracting full text body from original source link...
🔗 [SCRAPE] Extracting full text body from original source link...
🔗 [SCRAPE] Extracting full text body from original source link...
🔗 [SCRAPE] Extracting full text body from original source link...
🔗 [SCRAPE] Extracting full text body from original source link...
🔗 [SCRAPE] Extracting full text body from original source link...
🔗 [SCRAPE] Extracting full text body from original source link...
🔗 [SCRAPE] Extracting full text body from original source link...
📥 [FETCH] Extracted 10 scraped jobs for 'data engineer' (Page 5).
🚀 [INIT] Extracting live postings for keyword segment: 'data scientist'...
🔗 [SCRAPE] Extracting full text body from original source link...
🔗 [SCRAPE] Extracting full text body from original source link...
🔗 [SCRAPE] Extracting full text body from original source link...
🔗 [SCRAPE] Extracting full text body from original source link...
🔗 [SCRAPE] Extracting full text body from original source link...
🔗 [SCRAPE] Extracting full text body from original source link...
🔗 [SCRAPE] Extracting full text body from original source link...
🔗 [SCRAPE] Extracting full text body from original source link...
🔗 [SCRAPE] Extracting full text body from original source link...
🔗 [SCRAPE] Extracting full text body from original source link...
📥 [FETCH] Extracted 10 scraped jobs for 'data scientist' (Page 1).
🔗 [SCRAPE] Extracting full text body from original source link...
🔗 [SCRAPE] Extracting full text body from original source link...
🔗 [SCRAPE] Extracting full text body from original source link...
🔗 [SCRAPE] Extracting full text body from original source link...
🔗 [SCRAPE] Extracting full text body from original source link...
🔗 [SCRAPE] Extracting full text body from original source link...
🔗 [SCRAPE] Extracting full text body from original source link...
🔗 [SCRAPE] Extracting full text body from original source link...
🔗 [SCRAPE] Extracting full text body from original source link...
🔗 [SCRAPE] Extracting full text body from original source link...
📥 [FETCH] Extracted 10 scraped jobs for 'data scientist' (Page 2).
🔗 [SCRAPE] Extracting full text body from original source link...
🔗 [SCRAPE] Extracting full text body from original source link...
🔗 [SCRAPE] Extracting full text body from original source link...
🔗 [SCRAPE] Extracting full text body from original source link...
🔗 [SCRAPE] Extracting full text body from original source link...
🔗 [SCRAPE] Extracting full text body from original source link...
🔗 [SCRAPE] Extracting full text body from original source link...
🔗 [SCRAPE] Extracting full text body from original source link...
🔗 [SCRAPE] Extracting full text body from original source link...
🔗 [SCRAPE] Extracting full text body from original source link...
📥 [FETCH] Extracted 10 scraped jobs for 'data scientist' (Page 3).
🔗 [SCRAPE] Extracting full text body from original source link...
🔗 [SCRAPE] Extracting full text body from original source link...
🔗 [SCRAPE] Extracting full text body from original source link...
🔗 [SCRAPE] Extracting full text body from original source link...
🔗 [SCRAPE] Extracting full text body from original source link...
🔗 [SCRAPE] Extracting full text body from original source link...
🔗 [SCRAPE] Extracting full text body from original source link...
🔗 [SCRAPE] Extracting full text body from original source link...
🔗 [SCRAPE] Extracting full text body from original source link...
🔗 [SCRAPE] Extracting full text body from original source link...
📥 [FETCH] Extracted 10 scraped jobs for 'data scientist' (Page 4).
🔗 [SCRAPE] Extracting full text body from original source link...
🔗 [SCRAPE] Extracting full text body from original source link...
🔗 [SCRAPE] Extracting full text body from original source link...
🔗 [SCRAPE] Extracting full text body from original source link...
🔗 [SCRAPE] Extracting full text body from original source link...
🔗 [SCRAPE] Extracting full text body from original source link...
🔗 [SCRAPE] Extracting full text body from original source link...
🔗 [SCRAPE] Extracting full text body from original source link...
🔗 [SCRAPE] Extracting full text body from original source link...
🔗 [SCRAPE] Extracting full text body from original source link...
📥 [FETCH] Extracted 10 scraped jobs for 'data scientist' (Page 5).
🚀 [INIT] Extracting live postings for keyword segment: 'analytics engineer'...
🔗 [SCRAPE] Extracting full text body from original source link...
🔗 [SCRAPE] Extracting full text body from original source link...
🔗 [SCRAPE] Extracting full text body from original source link...
🔗 [SCRAPE] Extracting full text body from original source link...
🔗 [SCRAPE] Extracting full text body from original source link...
🔗 [SCRAPE] Extracting full text body from original source link...
🔗 [SCRAPE] Extracting full text body from original source link...
🔗 [SCRAPE] Extracting full text body from original source link...
🔗 [SCRAPE] Extracting full text body from original source link...
🔗 [SCRAPE] Extracting full text body from original source link...
📥 [FETCH] Extracted 10 scraped jobs for 'analytics engineer' (Page 1).
🔗 [SCRAPE] Extracting full text body from original source link...
🔗 [SCRAPE] Extracting full text body from original source link...
🔗 [SCRAPE] Extracting full text body from original source link...
🔗 [SCRAPE] Extracting full text body from original source link...
🔗 [SCRAPE] Extracting full text body from original source link...
🔗 [SCRAPE] Extracting full text body from original source link...
🔗 [SCRAPE] Extracting full text body from original source link...
🔗 [SCRAPE] Extracting full text body from original source link...
🔗 [SCRAPE] Extracting full text body from original source link...
🔗 [SCRAPE] Extracting full text body from original source link...
📥 [FETCH] Extracted 10 scraped jobs for 'analytics engineer' (Page 2).
🔗 [SCRAPE] Extracting full text body from original source link...
🔗 [SCRAPE] Extracting full text body from original source link...
🔗 [SCRAPE] Extracting full text body from original source link...
🔗 [SCRAPE] Extracting full text body from original source link...
🔗 [SCRAPE] Extracting full text body from original source link...
🔗 [SCRAPE] Extracting full text body from original source link...
🔗 [SCRAPE] Extracting full text body from original source link...
🔗 [SCRAPE] Extracting full text body from original source link...
🔗 [SCRAPE] Extracting full text body from original source link...
🔗 [SCRAPE] Extracting full text body from original source link...
📥 [FETCH] Extracted 10 scraped jobs for 'analytics engineer' (Page 3).
🔗 [SCRAPE] Extracting full text body from original source link...
🔗 [SCRAPE] Extracting full text body from original source link...
🔗 [SCRAPE] Extracting full text body from original source link...
🔗 [SCRAPE] Extracting full text body from original source link...
🔗 [SCRAPE] Extracting full text body from original source link...
🔗 [SCRAPE] Extracting full text body from original source link...
🔗 [SCRAPE] Extracting full text body from original source link...
🔗 [SCRAPE] Extracting full text body from original source link...
🔗 [SCRAPE] Extracting full text body from original source link...
🔗 [SCRAPE] Extracting full text body from original source link...
📥 [FETCH] Extracted 10 scraped jobs for 'analytics engineer' (Page 4).
🔗 [SCRAPE] Extracting full text body from original source link...
🔗 [SCRAPE] Extracting full text body from original source link...
🔗 [SCRAPE] Extracting full text body from original source link...
🔗 [SCRAPE] Extracting full text body from original source link...
🔗 [SCRAPE] Extracting full text body from original source link...
🔗 [SCRAPE] Extracting full text body from original source link...
🔗 [SCRAPE] Extracting full text body from original source link...
🔗 [SCRAPE] Extracting full text body from original source link...
🔗 [SCRAPE] Extracting full text body from original source link...
🔗 [SCRAPE] Extracting full text body from original source link...
📥 [FETCH] Extracted 10 scraped jobs for 'analytics engineer' (Page 5).
⚡ [LOAD] Delivery processing: Streaming 200 scraped rows into BigQuery...
🔥 [SUCCESS] Scraped data vertical stream complete.
🏁 [ORCHESTRATOR] Flow iteration fully completed successfully.
🚀 Launching Python Ingestion Scraper... 
19:56:53.545 | INFO    | Flow run 'inventive-guillemot' - Beginning flow run 'inventive-guillemot' for flow 'UK-Data-Market-Daily-ELT'
19:56:53.575 | INFO    | Flow run 'inventive-guillemot' - View at https://app.prefect.cloud/account/9b0a4f15-ea53-4474-ac2e-31fb938828bd/workspace/d92423e6-1ed1-4e3e-bf5a-a2cd2eb92b99/runs/flow-run/06a4805f-4927-7a66-8000-1a5e8f38c100
20:04:39.922 | INFO    | Task run 'API-Extraction-f45' - Finished in state Completed()
20:04:47.209 | INFO    | Task run 'Warehouse-Loading-0bb' - Finished in state Completed()
20:04:48.238 | INFO    | Flow run 'inventive-guillemot' - Finished in state Completed()
🎬 [ORCHESTRATOR] Initializing Prefect Cloud flow workflow engine...
🚀 [INIT] Extracting live postings for keyword segment: 'data analyst'...
🔗 [SCRAPE] Extracting full text body from original source link...
🔗 [SCRAPE] Extracting full text body from original source link...
🔗 [SCRAPE] Extracting full text body from original source link...
🔗 [SCRAPE] Extracting full text body from original source link...
🔗 [SCRAPE] Extracting full text body from original source link...
🔗 [SCRAPE] Extracting full text body from original source link...
🔗 [SCRAPE] Extracting full text body from original source link...
🔗 [SCRAPE] Extracting full text body from original source link...
🔗 [SCRAPE] Extracting full text body from original source link...
🔗 [SCRAPE] Extracting full text body from original source link...
📥 [FETCH] Extracted 10 scraped jobs for 'data analyst' (Page 1).
🔗 [SCRAPE] Extracting full text body from original source link...
🔗 [SCRAPE] Extracting full text body from original source link...
🔗 [SCRAPE] Extracting full text body from original source link...
🔗 [SCRAPE] Extracting full text body from original source link...
🔗 [SCRAPE] Extracting full text body from original source link...
🔗 [SCRAPE] Extracting full text body from original source link...
🔗 [SCRAPE] Extracting full text body from original source link...
🔗 [SCRAPE] Extracting full text body from original source link...
🔗 [SCRAPE] Extracting full text body from original source link...
🔗 [SCRAPE] Extracting full text body from original source link...
📥 [FETCH] Extracted 10 scraped jobs for 'data analyst' (Page 2).
🔗 [SCRAPE] Extracting full text body from original source link...
🔗 [SCRAPE] Extracting full text body from original source link...
🔗 [SCRAPE] Extracting full text body from original source link...
🔗 [SCRAPE] Extracting full text body from original source link...
🔗 [SCRAPE] Extracting full text body from original source link...
🔗 [SCRAPE] Extracting full text body from original source link...
🔗 [SCRAPE] Extracting full text body from original source link...
🔗 [SCRAPE] Extracting full text body from original source link...
🔗 [SCRAPE] Extracting full text body from original source link...
🔗 [SCRAPE] Extracting full text body from original source link...
📥 [FETCH] Extracted 10 scraped jobs for 'data analyst' (Page 3).
🔗 [SCRAPE] Extracting full text body from original source link...
🔗 [SCRAPE] Extracting full text body from original source link...
🔗 [SCRAPE] Extracting full text body from original source link...
🔗 [SCRAPE] Extracting full text body from original source link...
🔗 [SCRAPE] Extracting full text body from original source link...
🔗 [SCRAPE] Extracting full text body from original source link...
🔗 [SCRAPE] Extracting full text body from original source link...
🔗 [SCRAPE] Extracting full text body from original source link...
🔗 [SCRAPE] Extracting full text body from original source link...
🔗 [SCRAPE] Extracting full text body from original source link...
📥 [FETCH] Extracted 10 scraped jobs for 'data analyst' (Page 4).
🔗 [SCRAPE] Extracting full text body from original source link...
🔗 [SCRAPE] Extracting full text body from original source link...
🔗 [SCRAPE] Extracting full text body from original source link...
🔗 [SCRAPE] Extracting full text body from original source link...
🔗 [SCRAPE] Extracting full text body from original source link...
🔗 [SCRAPE] Extracting full text body from original source link...
🔗 [SCRAPE] Extracting full text body from original source link...
🔗 [SCRAPE] Extracting full text body from original source link...
🔗 [SCRAPE] Extracting full text body from original source link...
🔗 [SCRAPE] Extracting full text body from original source link...
📥 [FETCH] Extracted 10 scraped jobs for 'data analyst' (Page 5).
🚀 [INIT] Extracting live postings for keyword segment: 'data engineer'...
🔗 [SCRAPE] Extracting full text body from original source link...
🔗 [SCRAPE] Extracting full text body from original source link...
🔗 [SCRAPE] Extracting full text body from original source link...
🔗 [SCRAPE] Extracting full text body from original source link...
🔗 [SCRAPE] Extracting full text body from original source link...
🔗 [SCRAPE] Extracting full text body from original source link...
🔗 [SCRAPE] Extracting full text body from original source link...
🔗 [SCRAPE] Extracting full text body from original source link...
🔗 [SCRAPE] Extracting full text body from original source link...
🔗 [SCRAPE] Extracting full text body from original source link...
📥 [FETCH] Extracted 10 scraped jobs for 'data engineer' (Page 1).
🔗 [SCRAPE] Extracting full text body from original source link...
🔗 [SCRAPE] Extracting full text body from original source link...
🔗 [SCRAPE] Extracting full text body from original source link...
🔗 [SCRAPE] Extracting full text body from original source link...
🔗 [SCRAPE] Extracting full text body from original source link...
🔗 [SCRAPE] Extracting full text body from original source link...
🔗 [SCRAPE] Extracting full text body from original source link...
🔗 [SCRAPE] Extracting full text body from original source link...
🔗 [SCRAPE] Extracting full text body from original source link...
🔗 [SCRAPE] Extracting full text body from original source link...
📥 [FETCH] Extracted 10 scraped jobs for 'data engineer' (Page 2).
🔗 [SCRAPE] Extracting full text body from original source link...
🔗 [SCRAPE] Extracting full text body from original source link...
🔗 [SCRAPE] Extracting full text body from original source link...
🔗 [SCRAPE] Extracting full text body from original source link...
🔗 [SCRAPE] Extracting full text body from original source link...
🔗 [SCRAPE] Extracting full text body from original source link...
🔗 [SCRAPE] Extracting full text body from original source link...
🔗 [SCRAPE] Extracting full text body from original source link...
🔗 [SCRAPE] Extracting full text body from original source link...
🔗 [SCRAPE] Extracting full text body from original source link...
📥 [FETCH] Extracted 10 scraped jobs for 'data engineer' (Page 3).
🔗 [SCRAPE] Extracting full text body from original source link...
🔗 [SCRAPE] Extracting full text body from original source link...
🔗 [SCRAPE] Extracting full text body from original source link...
🔗 [SCRAPE] Extracting full text body from original source link...
🔗 [SCRAPE] Extracting full text body from original source link...
🔗 [SCRAPE] Extracting full text body from original source link...
🔗 [SCRAPE] Extracting full text body from original source link...
🔗 [SCRAPE] Extracting full text body from original source link...
🔗 [SCRAPE] Extracting full text body from original source link...
🔗 [SCRAPE] Extracting full text body from original source link...
📥 [FETCH] Extracted 10 scraped jobs for 'data engineer' (Page 4).
🔗 [SCRAPE] Extracting full text body from original source link...
🔗 [SCRAPE] Extracting full text body from original source link...
🔗 [SCRAPE] Extracting full text body from original source link...
🔗 [SCRAPE] Extracting full text body from original source link...
🔗 [SCRAPE] Extracting full text body from original source link...
🔗 [SCRAPE] Extracting full text body from original source link...
🔗 [SCRAPE] Extracting full text body from original source link...
🔗 [SCRAPE] Extracting full text body from original source link...
🔗 [SCRAPE] Extracting full text body from original source link...
🔗 [SCRAPE] Extracting full text body from original source link...
📥 [FETCH] Extracted 10 scraped jobs for 'data engineer' (Page 5).
🚀 [INIT] Extracting live postings for keyword segment: 'data scientist'...
🔗 [SCRAPE] Extracting full text body from original source link...
🔗 [SCRAPE] Extracting full text body from original source link...
🔗 [SCRAPE] Extracting full text body from original source link...
🔗 [SCRAPE] Extracting full text body from original source link...
🔗 [SCRAPE] Extracting full text body from original source link...
🔗 [SCRAPE] Extracting full text body from original source link...
🔗 [SCRAPE] Extracting full text body from original source link...
🔗 [SCRAPE] Extracting full text body from original source link...
🔗 [SCRAPE] Extracting full text body from original source link...
🔗 [SCRAPE] Extracting full text body from original source link...
📥 [FETCH] Extracted 10 scraped jobs for 'data scientist' (Page 1).
🔗 [SCRAPE] Extracting full text body from original source link...
🔗 [SCRAPE] Extracting full text body from original source link...
🔗 [SCRAPE] Extracting full text body from original source link...
🔗 [SCRAPE] Extracting full text body from original source link...
🔗 [SCRAPE] Extracting full text body from original source link...
🔗 [SCRAPE] Extracting full text body from original source link...
🔗 [SCRAPE] Extracting full text body from original source link...
🔗 [SCRAPE] Extracting full text body from original source link...
🔗 [SCRAPE] Extracting full text body from original source link...
🔗 [SCRAPE] Extracting full text body from original source link...
📥 [FETCH] Extracted 10 scraped jobs for 'data scientist' (Page 2).
🔗 [SCRAPE] Extracting full text body from original source link...
🔗 [SCRAPE] Extracting full text body from original source link...
🔗 [SCRAPE] Extracting full text body from original source link...
🔗 [SCRAPE] Extracting full text body from original source link...
🔗 [SCRAPE] Extracting full text body from original source link...
🔗 [SCRAPE] Extracting full text body from original source link...
🔗 [SCRAPE] Extracting full text body from original source link...
🔗 [SCRAPE] Extracting full text body from original source link...
🔗 [SCRAPE] Extracting full text body from original source link...
🔗 [SCRAPE] Extracting full text body from original source link...
📥 [FETCH] Extracted 10 scraped jobs for 'data scientist' (Page 3).
🔗 [SCRAPE] Extracting full text body from original source link...
🔗 [SCRAPE] Extracting full text body from original source link...
🔗 [SCRAPE] Extracting full text body from original source link...
🔗 [SCRAPE] Extracting full text body from original source link...
🔗 [SCRAPE] Extracting full text body from original source link...
🔗 [SCRAPE] Extracting full text body from original source link...
🔗 [SCRAPE] Extracting full text body from original source link...
🔗 [SCRAPE] Extracting full text body from original source link...
🔗 [SCRAPE] Extracting full text body from original source link...
🔗 [SCRAPE] Extracting full text body from original source link...
📥 [FETCH] Extracted 10 scraped jobs for 'data scientist' (Page 4).
🔗 [SCRAPE] Extracting full text body from original source link...
🔗 [SCRAPE] Extracting full text body from original source link...
🔗 [SCRAPE] Extracting full text body from original source link...
🔗 [SCRAPE] Extracting full text body from original source link...
🔗 [SCRAPE] Extracting full text body from original source link...
🔗 [SCRAPE] Extracting full text body from original source link...
🔗 [SCRAPE] Extracting full text body from original source link...
🔗 [SCRAPE] Extracting full text body from original source link...
🔗 [SCRAPE] Extracting full text body from original source link...
🔗 [SCRAPE] Extracting full text body from original source link...
📥 [FETCH] Extracted 10 scraped jobs for 'data scientist' (Page 5).
🚀 [INIT] Extracting live postings for keyword segment: 'analytics engineer'...
🔗 [SCRAPE] Extracting full text body from original source link...
🔗 [SCRAPE] Extracting full text body from original source link...
🔗 [SCRAPE] Extracting full text body from original source link...
🔗 [SCRAPE] Extracting full text body from original source link...
🔗 [SCRAPE] Extracting full text body from original source link...
🔗 [SCRAPE] Extracting full text body from original source link...
🔗 [SCRAPE] Extracting full text body from original source link...
🔗 [SCRAPE] Extracting full text body from original source link...
🔗 [SCRAPE] Extracting full text body from original source link...
🔗 [SCRAPE] Extracting full text body from original source link...
📥 [FETCH] Extracted 10 scraped jobs for 'analytics engineer' (Page 1).
🔗 [SCRAPE] Extracting full text body from original source link...
🔗 [SCRAPE] Extracting full text body from original source link...
🔗 [SCRAPE] Extracting full text body from original source link...
🔗 [SCRAPE] Extracting full text body from original source link...
🔗 [SCRAPE] Extracting full text body from original source link...
🔗 [SCRAPE] Extracting full text body from original source link...
🔗 [SCRAPE] Extracting full text body from original source link...
🔗 [SCRAPE] Extracting full text body from original source link...
🔗 [SCRAPE] Extracting full text body from original source link...
🔗 [SCRAPE] Extracting full text body from original source link...
📥 [FETCH] Extracted 10 scraped jobs for 'analytics engineer' (Page 2).
🔗 [SCRAPE] Extracting full text body from original source link...
🔗 [SCRAPE] Extracting full text body from original source link...
🔗 [SCRAPE] Extracting full text body from original source link...
🔗 [SCRAPE] Extracting full text body from original source link...
🔗 [SCRAPE] Extracting full text body from original source link...
🔗 [SCRAPE] Extracting full text body from original source link...
🔗 [SCRAPE] Extracting full text body from original source link...
🔗 [SCRAPE] Extracting full text body from original source link...
🔗 [SCRAPE] Extracting full text body from original source link...
🔗 [SCRAPE] Extracting full text body from original source link...
📥 [FETCH] Extracted 10 scraped jobs for 'analytics engineer' (Page 3).
🔗 [SCRAPE] Extracting full text body from original source link...
🔗 [SCRAPE] Extracting full text body from original source link...
🔗 [SCRAPE] Extracting full text body from original source link...
🔗 [SCRAPE] Extracting full text body from original source link...
🔗 [SCRAPE] Extracting full text body from original source link...
🔗 [SCRAPE] Extracting full text body from original source link...
🔗 [SCRAPE] Extracting full text body from original source link...
🔗 [SCRAPE] Extracting full text body from original source link...
🔗 [SCRAPE] Extracting full text body from original source link...
🔗 [SCRAPE] Extracting full text body from original source link...
📥 [FETCH] Extracted 10 scraped jobs for 'analytics engineer' (Page 4).
🔗 [SCRAPE] Extracting full text body from original source link...
🔗 [SCRAPE] Extracting full text body from original source link...
🔗 [SCRAPE] Extracting full text body from original source link...
🔗 [SCRAPE] Extracting full text body from original source link...
🔗 [SCRAPE] Extracting full text body from original source link...
🔗 [SCRAPE] Extracting full text body from original source link...
🔗 [SCRAPE] Extracting full text body from original source link...
🔗 [SCRAPE] Extracting full text body from original source link...
🔗 [SCRAPE] Extracting full text body from original source link...
🔗 [SCRAPE] Extracting full text body from original source link...
📥 [FETCH] Extracted 10 scraped jobs for 'analytics engineer' (Page 5).
⚡ [LOAD] Delivery processing: Streaming 200 scraped rows into BigQuery...
🔥 [SUCCESS] Scraped data vertical stream complete.
🏁 [ORCHESTRATOR] Flow iteration fully completed successfully.
19:05:03  Running with dbt=1.11.11
19:05:08  Registered adapter: bigquery=1.11.3
19:05:14  Found 3 models, 1 source, 553 macros
19:05:14  
19:05:14  Concurrency: 1 threads (target='dev')
19:05:14  
19:05:19  1 of 3 START sql view model analytics_market_intelligence.stg_jobs ............. [RUN]
19:05:26  1 of 3 OK created sql view model analytics_market_intelligence.stg_jobs ........ [CREATE VIEW (0 processed) in 7.22s]
19:05:26  2 of 3 START sql view model analytics_market_intelligence.int_job_skills ....... [RUN]
19:05:29  2 of 3 OK created sql view model analytics_market_intelligence.int_job_skills .. [CREATE VIEW (0 processed) in 2.86s]
19:05:29  3 of 3 START sql table model analytics_market_intelligence.fct_job_market_insights  [RUN]
19:05:34  3 of 3 OK created sql table model analytics_market_intelligence.fct_job_market_insights  [CREATE TABLE (315.0 rows, 1.4 MiB processed) in 4.65s]
19:05:34  
19:05:34  Finished running 1 table model, 2 view models in 0 hours 0 minutes and 19.72 seconds (19.72s).
19:05:34  
19:05:34  Completed successfully
19:05:34  
19:05:34  Done. PASS=3 WARN=0 ERROR=0 SKIP=0 NO-OP=0 TOTAL=3
🏁 RUN FINISHED COMFORTABLY AT: 20:05:36.83 
